<?xml version="1.0" encoding="UTF-8"?>
<!-- Generated by org.testng.reporters.JUnitReportReporter -->
<testsuite skipped="0" hostname="selenium-PC" name="com.pol.testcases.FlightSearchTest" tests="1" failures="0" timestamp="25 Dec 2018 07:09:30 GMT" time="71.852" errors="0">
  <testcase name="flightSearchTest" time="71.852" classname="com.pol.testcases.FlightSearchTest"/>
</testsuite> <!-- com.pol.testcases.FlightSearchTest -->
