<?xml version="1.0" encoding="UTF-8"?>
<!-- Generated by org.testng.reporters.JUnitReportReporter -->
<testsuite skipped="0" hostname="selenium-PC" name="com.pol.testcases.LoginTest" tests="1" failures="0" timestamp="25 Dec 2018 05:48:43 GMT" time="26.726" errors="0">
  <testcase name="loginTest" time="26.726" classname="com.pol.testcases.LoginTest"/>
</testsuite> <!-- com.pol.testcases.LoginTest -->
