<?xml version="1.0" encoding="UTF-8"?>
<!-- Generated by org.testng.reporters.JUnitReportReporter -->
<testsuite skipped="0" hostname="selenium-PC" name="com.pol.testcases.LoginTest" tests="1" failures="0" timestamp="24 Dec 2018 14:09:35 GMT" time="27.687" errors="0">
  <testcase name="loginTest" time="27.687" classname="com.pol.testcases.LoginTest"/>
</testsuite> <!-- com.pol.testcases.LoginTest -->
