<?xml version="1.0" encoding="UTF-8"?>
<!-- Generated by org.testng.reporters.JUnitReportReporter -->
<testsuite skipped="0" hostname="selenium-PC" name="com.pol.testcases.FlightSearchTest" tests="1" failures="0" timestamp="24 Dec 2018 14:09:35 GMT" time="52.958" errors="0">
  <testcase name="flightSearchTest" time="52.958" classname="com.pol.testcases.FlightSearchTest"/>
</testsuite> <!-- com.pol.testcases.FlightSearchTest -->
