<?xml version="1.0" encoding="UTF-8"?>
<!-- Generated by org.testng.reporters.JUnitReportReporter -->
<testsuite skipped="0" hostname="selenium-PC" name="com.Jena.cucumber.prallel.google.runners.SearchManyFeature" tests="2" failures="0" timestamp="17 Jan 2019 01:58:40 GMT" time="28.954" errors="0">
  <testcase name="runScenario" time="13.109" classname="com.Jena.cucumber.prallel.google.runners.SearchManyFeature"/>
  <testcase name="runScenario" time="15.845" classname="com.Jena.cucumber.prallel.google.runners.SearchManyFeature"/>
</testsuite> <!-- com.Jena.cucumber.prallel.google.runners.SearchManyFeature -->
