<?xml version="1.0" encoding="UTF-8"?>
<!-- Generated by org.testng.reporters.JUnitReportReporter -->
<testsuite skipped="0" hostname="selenium-PC" name="com.Jena.cucumber.prallel.google.runners.SearchManyFeature" tests="2" failures="0" timestamp="17 Jan 2019 01:37:19 GMT" time="52.855" errors="0">
  <testcase name="runScenario" time="38.381" classname="com.Jena.cucumber.prallel.google.runners.SearchManyFeature"/>
  <testcase name="runScenario" time="14.474" classname="com.Jena.cucumber.prallel.google.runners.SearchManyFeature"/>
</testsuite> <!-- com.Jena.cucumber.prallel.google.runners.SearchManyFeature -->
