<?xml version="1.0" encoding="UTF-8"?>
<!-- Generated by org.testng.reporters.JUnitReportReporter -->
<testsuite skipped="0" hostname="selenium-PC" name="com.Jena.cucumber.prallel.google.runners.SearchOutlineFeature" tests="2" failures="0" timestamp="17 Jan 2019 01:58:40 GMT" time="28.845" errors="0">
  <testcase name="runScenario" time="13.987" classname="com.Jena.cucumber.prallel.google.runners.SearchOutlineFeature"/>
  <testcase name="runScenario" time="14.858" classname="com.Jena.cucumber.prallel.google.runners.SearchOutlineFeature"/>
</testsuite> <!-- com.Jena.cucumber.prallel.google.runners.SearchOutlineFeature -->
