<?xml version="1.0" encoding="UTF-8"?>
<!-- Generated by org.testng.reporters.JUnitReportReporter -->
<testsuite skipped="0" hostname="selenium-PC" name="com.Jena.cucumber.prallel.google.runners.SearchOutlineFeature" tests="2" failures="0" timestamp="17 Jan 2019 01:37:19 GMT" time="43.305" errors="0">
  <testcase name="runScenario" time="26.264" classname="com.Jena.cucumber.prallel.google.runners.SearchOutlineFeature"/>
  <testcase name="runScenario" time="17.041" classname="com.Jena.cucumber.prallel.google.runners.SearchOutlineFeature"/>
</testsuite> <!-- com.Jena.cucumber.prallel.google.runners.SearchOutlineFeature -->
