<?xml version="1.0" encoding="UTF-8"?>
<!-- Generated by org.testng.reporters.JUnitReportReporter -->
<testsuite hostname="Selenium-HP" name="Dropbox" tests="2" failures="0" timestamp="9 Oct 2015 10:35:44 GMT" time="16.808" errors="0">
  <testcase name="dropBox" time="8.404" classname="Dropbox"/>
  <testcase name="dropBox" time="8.404" classname="Dropbox"/>
</testsuite> <!-- Dropbox -->
