<?xml version="1.0" encoding="UTF-8"?>
<!-- Generated by org.testng.reporters.JUnitReportReporter -->
<testsuite hostname="Selenium-HP" name="Google_Search" tests="2" failures="0" timestamp="9 Oct 2015 10:31:06 GMT" time="17.347" errors="0">
  <testcase name="searchTest" time="8.673" classname="Google_Search"/>
  <testcase name="searchTest" time="8.674" classname="Google_Search"/>
</testsuite> <!-- Google_Search -->
