<?xml version="1.0" encoding="UTF-8"?>
<!-- Generated by org.testng.reporters.JUnitReportReporter -->
<testsuite skipped="0" hostname="selenium-PC" name="com.ddf.testcases.BankMangerLogin" tests="1" failures="0" timestamp="14 Dec 2018 09:30:45 GMT" time="0.921" errors="0">
  <testcase name="bankMangerLogin" time="0.921" classname="com.ddf.testcases.BankMangerLogin"/>
</testsuite> <!-- com.ddf.testcases.BankMangerLogin -->
