<?xml version="1.0" encoding="UTF-8"?>
<!-- Generated by org.testng.reporters.JUnitReportReporter -->
<testsuite skipped="1" hostname="selenium-PC" name="com.ddf.testcases.AddCustomerTest" tests="4" failures="0" timestamp="14 Dec 2018 09:30:45 GMT" time="1.897" errors="0">
  <testcase name="AddCustomer" time="0.514" classname="com.ddf.testcases.AddCustomerTest"/>
  <testcase name="AddCustomer" time="0.002" classname="com.ddf.testcases.AddCustomerTest">
    <skipped/>
  </testcase> <!-- AddCustomer -->
  <testcase name="AddCustomer" time="0.572" classname="com.ddf.testcases.AddCustomerTest"/>
  <testcase name="AddCustomer" time="0.809" classname="com.ddf.testcases.AddCustomerTest"/>
</testsuite> <!-- com.ddf.testcases.AddCustomerTest -->
