<?xml version="1.0" encoding="UTF-8"?>
<!-- Generated by org.testng.reporters.JUnitReportReporter -->
<testsuite skipped="0" hostname="DESKTOP-I2FKUVF" name="com.ddf.testcases.BankMangerLogin" tests="1" failures="0" timestamp="04 Aug 2018 19:00:31 GMT" time="0.234" errors="0">
  <testcase name="loginAsBankManager" time="0.234" classname="com.ddf.testcases.BankMangerLogin"/>
</testsuite> <!-- com.ddf.testcases.BankMangerLogin -->
