<?xml version="1.0" encoding="UTF-8"?>
<!-- Generated by org.testng.reporters.JUnitReportReporter -->
<testsuite skipped="0" hostname="DESKTOP-I2FKUVF" name="com.ddf.testcases.AddCustomer" tests="2" failures="0" timestamp="04 Aug 2018 19:00:31 GMT" time="1.693" errors="0">
  <testcase name="addCustomer" time="0.472" classname="com.ddf.testcases.AddCustomer"/>
  <testcase name="addCustomer" time="1.221" classname="com.ddf.testcases.AddCustomer"/>
</testsuite> <!-- com.ddf.testcases.AddCustomer -->
