<?xml version="1.0" encoding="UTF-8"?>
<!-- Generated by org.testng.reporters.JUnitReportReporter -->
<testsuite skipped="1" hostname="selenium-PC" name="com.ddf.testcases.OpenAccountTest" tests="1" failures="0" timestamp="14 Dec 2018 09:30:45 GMT" time="0.002" errors="0">
  <testcase name="OpenAccount" time="0.002" classname="com.ddf.testcases.OpenAccountTest">
    <skipped/>
  </testcase> <!-- OpenAccount -->
</testsuite> <!-- com.ddf.testcases.OpenAccountTest -->
