<?xml version="1.0" encoding="UTF-8"?>
<!-- Generated by org.testng.reporters.JUnitReportReporter -->
<testsuite skipped="0" hostname="DESKTOP-I2FKUVF" name="com.ddf.testcases.BankMangerLogin" tests="1" failures="0" timestamp="19 Aug 2018 04:17:22 GMT" time="1.136" errors="0">
  <testcase name="loginAsBankManager" time="1.136" classname="com.ddf.testcases.BankMangerLogin"/>
</testsuite> <!-- com.ddf.testcases.BankMangerLogin -->
