<?xml version="1.0" encoding="UTF-8"?>
<!-- Generated by org.testng.reporters.JUnitReportReporter -->
<testsuite skipped="0" hostname="DESKTOP-I2FKUVF" name="com.ddf.testcases.Login" tests="1" failures="0" timestamp="04 Aug 2018 08:14:36 GMT" time="0.156" errors="0">
  <testcase name="loginAsBankManager" time="0.156" classname="com.ddf.testcases.Login"/>
</testsuite> <!-- com.ddf.testcases.Login -->
