<?xml version="1.0" encoding="UTF-8"?>
<!-- Generated by org.testng.reporters.JUnitReportReporter -->
<testsuite skipped="0" hostname="selenium-PC" name="com.pol.testcases.LoginTest" tests="1" failures="0" timestamp="12 Dec 2018 16:04:19 GMT" time="5.626" errors="0">
  <testcase name="loginTest" time="5.626" classname="com.pol.testcases.LoginTest"/>
</testsuite> <!-- com.pol.testcases.LoginTest -->
