<?xml version="1.0" encoding="UTF-8"?>
<!-- Generated by org.testng.reporters.JUnitReportReporter -->
<testsuite skipped="0" hostname="selenium-PC" name="com.pol.testcases.LoginTest" tests="1" failures="0" timestamp="16 Dec 2018 10:45:47 GMT" time="8.319" errors="0">
  <testcase name="loginTest" time="8.319" classname="com.pol.testcases.LoginTest"/>
</testsuite> <!-- com.pol.testcases.LoginTest -->
