<?xml version="1.0" encoding="UTF-8"?>
<!-- Generated by org.testng.reporters.JUnitReportReporter -->
<testsuite skipped="0" hostname="selenium-PC" name="runner.RunCuke" tests="2" failures="0" timestamp="06 Jan 2019 09:49:29 GMT" time="164.690" errors="0">
  <testcase name="runScenario" time="73.822" classname="runner.RunCuke"/>
  <testcase name="runScenario" time="90.868" classname="runner.RunCuke"/>
</testsuite> <!-- runner.RunCuke -->
