<?xml version="1.0" encoding="UTF-8"?>
<!-- Generated by org.testng.reporters.JUnitReportReporter -->
<testsuite skipped="0" hostname="selenium-PC" name="runner.RunCuke" tests="2" failures="0" timestamp="06 Jan 2019 07:37:47 GMT" time="127.669" errors="0">
  <testcase name="runScenario" time="39.874" classname="runner.RunCuke"/>
  <testcase name="runScenario" time="87.795" classname="runner.RunCuke"/>
</testsuite> <!-- runner.RunCuke -->
