<?xml version="1.0" encoding="UTF-8"?>
<!-- Generated by org.testng.reporters.JUnitReportReporter -->
<testsuite skipped="0" hostname="selenium-PC" name="runner.RunCuke" tests="1" failures="0" timestamp="05 Jan 2019 16:13:52 GMT" time="45.697" errors="0">
  <testcase name="runScenario" time="45.697" classname="runner.RunCuke"/>
</testsuite> <!-- runner.RunCuke -->
