<?xml version="1.0" encoding="UTF-8"?>
<!-- Generated by org.testng.reporters.JUnitReportReporter -->
<testsuite skipped="0" hostname="DESKTOP-I2FKUVF" name="com.dd.suite.bankmanager.testcases.OpenAccountTest" tests="3" failures="0" timestamp="22 Oct 2018 05:11:35 GMT" time="0.032" errors="0">
  <testcase name="addCustomerTest" time="0.007" classname="com.dd.suite.bankmanager.testcases.OpenAccountTest"/>
  <testcase name="addCustomerTest" time="0.015" classname="com.dd.suite.bankmanager.testcases.OpenAccountTest"/>
  <testcase name="addCustomerTest" time="0.010" classname="com.dd.suite.bankmanager.testcases.OpenAccountTest"/>
</testsuite> <!-- com.dd.suite.bankmanager.testcases.OpenAccountTest -->
