<?xml version="1.0" encoding="UTF-8"?>
<!-- Generated by org.testng.reporters.JUnitReportReporter -->
<testsuite skipped="1" hostname="DESKTOP-I2FKUVF" name="com.dd.suite.bankmanager.testcases.OpenAccountTest" tests="3" failures="0" timestamp="26 Oct 2018 19:49:58 GMT" time="0.172" errors="0">
  <testcase name="OpenAccountTest" time="0.047" classname="com.dd.suite.bankmanager.testcases.OpenAccountTest"/>
  <testcase name="OpenAccountTest" time="0.062" classname="com.dd.suite.bankmanager.testcases.OpenAccountTest">
    <skipped/>
  </testcase> <!-- OpenAccountTest -->
  <testcase name="OpenAccountTest" time="0.063" classname="com.dd.suite.bankmanager.testcases.OpenAccountTest"/>
</testsuite> <!-- com.dd.suite.bankmanager.testcases.OpenAccountTest -->
