<?xml version="1.0" encoding="UTF-8"?>
<!-- Generated by org.testng.reporters.JUnitReportReporter -->
<testsuite skipped="0" hostname="DESKTOP-I2FKUVF" name="com.dd.suite.bankmanager.testcases.AddCustomerTest" tests="2" failures="0" timestamp="22 Oct 2018 06:28:03 GMT" time="0.008" errors="0">
  <testcase name="addCustomerTest" time="0.000" classname="com.dd.suite.bankmanager.testcases.AddCustomerTest"/>
  <testcase name="addCustomerTest" time="0.008" classname="com.dd.suite.bankmanager.testcases.AddCustomerTest"/>
</testsuite> <!-- com.dd.suite.bankmanager.testcases.AddCustomerTest -->
