<?xml version="1.0" encoding="UTF-8"?>
<!-- Generated by org.testng.reporters.JUnitReportReporter -->
<testsuite skipped="0" hostname="DESKTOP-I2FKUVF" name="utilities.TestParameterization" tests="2" failures="0" timestamp="21 Oct 2018 02:08:38 GMT" time="0.000" errors="0">
  <testcase name="testData" time="0.000" classname="utilities.TestParameterization"/>
  <testcase name="testData" time="0.000" classname="utilities.TestParameterization"/>
</testsuite> <!-- utilities.TestParameterization -->
