<?xml version="1.0" encoding="UTF-8"?>
<!-- Generated by org.testng.reporters.JUnitReportReporter -->
<testsuite skipped="0" hostname="DESKTOP-I2FKUVF" name="com.dd.suite.bankmanager.testcases.OpenAccountTest" tests="3" failures="0" timestamp="22 Oct 2018 06:28:03 GMT" time="0.016" errors="0">
  <testcase name="OpenAccountTest" time="0.016" classname="com.dd.suite.bankmanager.testcases.OpenAccountTest"/>
  <testcase name="OpenAccountTest" time="0.000" classname="com.dd.suite.bankmanager.testcases.OpenAccountTest"/>
  <testcase name="OpenAccountTest" time="0.000" classname="com.dd.suite.bankmanager.testcases.OpenAccountTest"/>
</testsuite> <!-- com.dd.suite.bankmanager.testcases.OpenAccountTest -->
