<?xml version="1.0" encoding="UTF-8"?>
<!-- Generated by org.testng.reporters.JUnitReportReporter -->
<testsuite skipped="0" hostname="DESKTOP-I2FKUVF" name="com.dd.suite.bankmanager.testcases.AddCustomerTest" tests="2" failures="0" timestamp="26 Oct 2018 19:49:58 GMT" time="0.172" errors="0">
  <testcase name="addCustomerTest" time="0.094" classname="com.dd.suite.bankmanager.testcases.AddCustomerTest"/>
  <testcase name="addCustomerTest" time="0.078" classname="com.dd.suite.bankmanager.testcases.AddCustomerTest"/>
</testsuite> <!-- com.dd.suite.bankmanager.testcases.AddCustomerTest -->
