<?xml version="1.0" encoding="UTF-8"?>
<!-- Generated by org.testng.reporters.JUnitReportReporter -->
<testsuite skipped="0" hostname="selenium-PC" name="com.pol.zoho.testcases.TestCase2" tests="1" failures="0" timestamp="12 Jan 2019 09:04:40 GMT" time="27.395" errors="0">
  <testcase name="doLogin" time="27.395" classname="com.pol.zoho.testcases.TestCase2"/>
</testsuite> <!-- com.pol.zoho.testcases.TestCase2 -->
