<?xml version="1.0" encoding="UTF-8"?>
<!-- Generated by org.testng.reporters.JUnitReportReporter -->
<testsuite skipped="0" hostname="selenium-PC" name="com.pol.zoho.testcases.LoginTest" tests="2" failures="0" timestamp="15 Jan 2019 07:50:34 GMT" time="67.176" errors="0">
  <testcase name="loginTest" time="40.519" classname="com.pol.zoho.testcases.LoginTest"/>
  <testcase name="loginTest" time="26.657" classname="com.pol.zoho.testcases.LoginTest"/>
</testsuite> <!-- com.pol.zoho.testcases.LoginTest -->
