<?xml version="1.0" encoding="UTF-8"?>
<!-- Generated by org.testng.reporters.JUnitReportReporter -->
<testsuite skipped="0" hostname="selenium-PC" name="com.pol.zoho.testcases.TestCase1" tests="2" failures="0" timestamp="12 Jan 2019 09:04:40 GMT" time="65.434" errors="0">
  <testcase name="doLogin" time="26.615" classname="com.pol.zoho.testcases.TestCase1"/>
  <testcase name="doLogin" time="38.819" classname="com.pol.zoho.testcases.TestCase1"/>
</testsuite> <!-- com.pol.zoho.testcases.TestCase1 -->
