<?xml version="1.0" encoding="UTF-8"?>
<!-- Generated by org.testng.reporters.JUnitReportReporter -->
<testsuite skipped="3" hostname="selenium-PC" name="com.pol.zoho.testcases.LoginTest" tests="3" failures="0" timestamp="13 Jan 2019 05:13:37 GMT" time="0.421" errors="0">
  <testcase name="loginTest" time="0.125" classname="com.pol.zoho.testcases.LoginTest">
    <skipped/>
  </testcase> <!-- loginTest -->
  <testcase name="loginTest" time="0.140" classname="com.pol.zoho.testcases.LoginTest">
    <skipped/>
  </testcase> <!-- loginTest -->
  <testcase name="loginTest" time="0.156" classname="com.pol.zoho.testcases.LoginTest">
    <skipped/>
  </testcase> <!-- loginTest -->
</testsuite> <!-- com.pol.zoho.testcases.LoginTest -->
