<?xml version="1.0" encoding="UTF-8"?>
<!-- Generated by org.testng.reporters.JUnitReportReporter -->
<testsuite skipped="0" hostname="selenium-PC" name="com.pol.zoho.testcases.LoginTest" tests="2" failures="0" timestamp="14 Jan 2019 05:13:12 GMT" time="51.985" errors="0">
  <testcase name="loginTest" time="31.980" classname="com.pol.zoho.testcases.LoginTest"/>
  <testcase name="loginTest" time="20.005" classname="com.pol.zoho.testcases.LoginTest"/>
</testsuite> <!-- com.pol.zoho.testcases.LoginTest -->
