<?xml version="1.0" encoding="UTF-8"?>
<!-- Generated by org.testng.reporters.JUnitReportReporter -->
<testsuite skipped="0" hostname="selenium-PC" name="com.pol.zoho.rough.TestCase2" tests="1" failures="0" timestamp="11 Jan 2019 14:22:27 GMT" time="31.392" errors="0">
  <testcase name="doLogin" time="31.392" classname="com.pol.zoho.rough.TestCase2"/>
</testsuite> <!-- com.pol.zoho.rough.TestCase2 -->
