<?xml version="1.0" encoding="UTF-8"?>
<!-- Generated by org.testng.reporters.JUnitReportReporter -->
<testsuite skipped="0" hostname="selenium-PC" name="com.pol.zoho.rough.TestCase1" tests="2" failures="0" timestamp="11 Jan 2019 12:52:16 GMT" time="88.912" errors="0">
  <testcase name="doLogin" time="56.285" classname="com.pol.zoho.rough.TestCase1"/>
  <testcase name="doLogin" time="32.627" classname="com.pol.zoho.rough.TestCase1"/>
</testsuite> <!-- com.pol.zoho.rough.TestCase1 -->
