<?xml version="1.0" encoding="UTF-8"?>
<!-- Generated by org.testng.reporters.JUnitReportReporter -->
<testsuite skipped="0" hostname="selenium-PC" name="com.pol.zoho.testcases.LoginTest" tests="3" failures="0" timestamp="13 Jan 2019 10:41:39 GMT" time="109.714" errors="0">
  <testcase name="loginTest" time="34.474" classname="com.pol.zoho.testcases.LoginTest"/>
  <testcase name="loginTest" time="41.175" classname="com.pol.zoho.testcases.LoginTest"/>
  <testcase name="loginTest" time="34.065" classname="com.pol.zoho.testcases.LoginTest"/>
</testsuite> <!-- com.pol.zoho.testcases.LoginTest -->
