<?xml version="1.0" encoding="UTF-8"?>
<!-- Generated by org.testng.reporters.JUnitReportReporter -->
<testsuite skipped="0" hostname="selenium-PC" name="runner.RunCukeTestNG" tests="1" failures="0" timestamp="30 Dec 2018 12:24:30 GMT" time="0.187" errors="0">
  <testcase name="feature" time="0.187" classname="runner.RunCukeTestNG"/>
</testsuite> <!-- runner.RunCukeTestNG -->
