<?xml version="1.0" encoding="UTF-8"?>
<!-- Generated by org.testng.reporters.JUnitReportReporter -->
<testsuite skipped="0" hostname="selenium-PC" name="com.Jena.bdd.cucumber.runners.LoginFeatureRunner" tests="2" failures="0" timestamp="17 Jan 2019 13:54:34 GMT" time="67.289" errors="0">
  <testcase name="runScenario" time="41.545" classname="com.Jena.bdd.cucumber.runners.LoginFeatureRunner"/>
  <testcase name="runScenario" time="25.744" classname="com.Jena.bdd.cucumber.runners.LoginFeatureRunner"/>
</testsuite> <!-- com.Jena.bdd.cucumber.runners.LoginFeatureRunner -->
