<?xml version="1.0" encoding="UTF-8"?>
<!-- Generated by org.testng.reporters.JUnitReportReporter -->
<testsuite skipped="1" hostname="DESKTOP-I2FKUVF" name="com.ddf.testcases.AddCustomerTest" tests="4" failures="0" timestamp="23 Aug 2018 09:36:35 GMT" time="3.187" errors="0">
  <testcase name="AddCustomer" time="0.542" classname="com.ddf.testcases.AddCustomerTest"/>
  <testcase name="AddCustomer" time="0.001" classname="com.ddf.testcases.AddCustomerTest">
    <skipped/>
  </testcase> <!-- AddCustomer -->
  <testcase name="AddCustomer" time="2.252" classname="com.ddf.testcases.AddCustomerTest"/>
  <testcase name="AddCustomer" time="0.392" classname="com.ddf.testcases.AddCustomerTest"/>
</testsuite> <!-- com.ddf.testcases.AddCustomerTest -->
