<?xml version="1.0" encoding="UTF-8"?>
<!-- Generated by org.testng.reporters.JUnitReportReporter -->
<testsuite skipped="0" hostname="DESKTOP-I2FKUVF" name="com.ddf.testcases.AddCustomerTest" tests="2" failures="0" timestamp="19 Aug 2018 18:57:45 GMT" time="1.784" errors="0">
  <testcase name="AddCustomer" time="0.962" classname="com.ddf.testcases.AddCustomerTest"/>
  <testcase name="AddCustomer" time="0.822" classname="com.ddf.testcases.AddCustomerTest"/>
</testsuite> <!-- com.ddf.testcases.AddCustomerTest -->
