<?xml version="1.0" encoding="UTF-8"?>
<!-- Generated by org.testng.reporters.JUnitReportReporter -->
<testsuite skipped="1" hostname="DESKTOP-I2FKUVF" name="com.ddf.testcases.AddCustomerTest" tests="4" failures="0" timestamp="23 Aug 2018 05:00:34 GMT" time="1.866" errors="0">
  <testcase name="AddCustomer" time="0.000" classname="com.ddf.testcases.AddCustomerTest">
    <skipped/>
  </testcase> <!-- AddCustomer -->
  <testcase name="AddCustomer" time="0.421" classname="com.ddf.testcases.AddCustomerTest"/>
  <testcase name="AddCustomer" time="0.448" classname="com.ddf.testcases.AddCustomerTest"/>
  <testcase name="AddCustomer" time="0.997" classname="com.ddf.testcases.AddCustomerTest"/>
</testsuite> <!-- com.ddf.testcases.AddCustomerTest -->
