<?xml version="1.0" encoding="UTF-8"?>
<!-- Generated by org.testng.reporters.JUnitReportReporter -->
<testsuite skipped="0" hostname="DESKTOP-I2FKUVF" name="com.ddf.testcases.AddCustomerTest" tests="2" failures="0" timestamp="22 Aug 2018 06:05:06 GMT" time="1.443" errors="0">
  <testcase name="AddCustomer" time="0.970" classname="com.ddf.testcases.AddCustomerTest"/>
  <testcase name="AddCustomer" time="0.473" classname="com.ddf.testcases.AddCustomerTest"/>
</testsuite> <!-- com.ddf.testcases.AddCustomerTest -->
