<?xml version="1.0" encoding="UTF-8"?>
<!-- Generated by org.testng.reporters.JUnitReportReporter -->
<testsuite skipped="1" hostname="DESKTOP-I2FKUVF" name="com.ddf.testcases.AddCustomerTest" tests="4" failures="0" timestamp="2018-09-09T19:43:11 IST" time="2.686" errors="0">
  <testcase name="AddCustomer" time="0.473" classname="com.ddf.testcases.AddCustomerTest"/>
  <testcase name="AddCustomer" time="0.001" classname="com.ddf.testcases.AddCustomerTest">
    <skipped/>
  </testcase> <!-- AddCustomer -->
  <testcase name="AddCustomer" time="1.775" classname="com.ddf.testcases.AddCustomerTest"/>
  <testcase name="AddCustomer" time="0.437" classname="com.ddf.testcases.AddCustomerTest"/>
</testsuite> <!-- com.ddf.testcases.AddCustomerTest -->
