<?xml version="1.0" encoding="UTF-8"?>
<!-- Generated by org.testng.reporters.JUnitReportReporter -->
<testsuite skipped="0" hostname="DESKTOP-I2FKUVF" name="com.ddf.testcases.BankMangerLogin" tests="1" failures="0" timestamp="2018-09-09T19:43:11 IST" time="0.557" errors="0">
  <testcase name="bankMangerLogin" time="0.557" classname="com.ddf.testcases.BankMangerLogin"/>
</testsuite> <!-- com.ddf.testcases.BankMangerLogin -->
