<?xml version="1.0" encoding="UTF-8"?>
<!-- Generated by org.testng.reporters.JUnitReportReporter -->
<testsuite skipped="0" hostname="DESKTOP-I2FKUVF" name="com.ddf.testcases.BankMangerLogin" tests="1" failures="0" timestamp="22 Aug 2018 06:05:06 GMT" time="0.995" errors="0">
  <testcase name="bankMangerLogin" time="0.995" classname="com.ddf.testcases.BankMangerLogin"/>
</testsuite> <!-- com.ddf.testcases.BankMangerLogin -->
