<?xml version="1.0" encoding="UTF-8"?>
<!-- Generated by org.testng.reporters.JUnitReportReporter -->
<testsuite skipped="0" hostname="DESKTOP-I2FKUVF" name="com.ddf.testcases.AddCustomerTest" tests="2" failures="0" timestamp="23 Aug 2018 04:51:40 GMT" time="2.562" errors="0">
  <testcase name="AddCustomer" time="2.109" classname="com.ddf.testcases.AddCustomerTest"/>
  <testcase name="AddCustomer" time="0.453" classname="com.ddf.testcases.AddCustomerTest"/>
</testsuite> <!-- com.ddf.testcases.AddCustomerTest -->
