<?xml version="1.0" encoding="UTF-8"?>
<!-- Generated by org.testng.reporters.JUnitReportReporter -->
<testsuite skipped="0" hostname="DESKTOP-I2FKUVF" name="com.ddf.testcases.OpenAccountTest" tests="1" failures="0" timestamp="22 Aug 2018 06:05:06 GMT" time="0.622" errors="0">
  <testcase name="OpenAccount" time="0.622" classname="com.ddf.testcases.OpenAccountTest"/>
</testsuite> <!-- com.ddf.testcases.OpenAccountTest -->
