<?xml version="1.0" encoding="UTF-8"?>
<!-- Generated by org.testng.reporters.JUnitReportReporter -->
<testsuite skipped="0" hostname="DESKTOP-I2FKUVF" name="com.ddf.testcases.OpenAccountTest" tests="1" failures="0" timestamp="23 Aug 2018 04:51:40 GMT" time="0.769" errors="0">
  <testcase name="OpenAccount" time="0.769" classname="com.ddf.testcases.OpenAccountTest"/>
</testsuite> <!-- com.ddf.testcases.OpenAccountTest -->
