<?xml version="1.0" encoding="UTF-8"?>
<!-- Generated by org.testng.reporters.JUnitReportReporter -->
<testsuite skipped="1" hostname="DESKTOP-I2FKUVF" name="com.ddf.testcases.OpenAccountTest" tests="1" failures="0" timestamp="2018-09-09T19:43:11 IST" time="0.004" errors="0">
  <testcase name="OpenAccount" time="0.004" classname="com.ddf.testcases.OpenAccountTest">
    <skipped/>
  </testcase> <!-- OpenAccount -->
</testsuite> <!-- com.ddf.testcases.OpenAccountTest -->
