<?xml version="1.0" encoding="UTF-8"?>
<!-- Generated by org.testng.reporters.JUnitReportReporter -->
<testsuite skipped="0" hostname="DESKTOP-I2FKUVF" name="com.ddf.testcases.BankMangerLogin" tests="1" failures="0" timestamp="23 Aug 2018 04:51:40 GMT" time="0.700" errors="0">
  <testcase name="bankMangerLogin" time="0.700" classname="com.ddf.testcases.BankMangerLogin"/>
</testsuite> <!-- com.ddf.testcases.BankMangerLogin -->
