<?xml version="1.0" encoding="UTF-8"?>
<!-- Generated by org.testng.reporters.JUnitReportReporter -->
<testsuite skipped="0" hostname="DESKTOP-I2FKUVF" name="ParallelTesting" tests="2" failures="0" timestamp="10 Aug 2018 06:05:36 GMT" time="4.039" errors="0">
  <testcase name="doLogin" time="2.003" classname="ParallelTesting"/>
  <testcase name="doLogin" time="2.036" classname="ParallelTesting"/>
</testsuite> <!-- ParallelTesting -->
