<?xml version="1.0" encoding="UTF-8"?>
<!-- Generated by org.testng.reporters.JUnitReportReporter -->
<testsuite skipped="0" hostname="DESKTOP-I2FKUVF" name="Gmail" tests="2" failures="0" timestamp="25 Aug 2018 08:13:08 GMT" time="97.693" errors="0">
  <testcase name="GmailTest" time="45.290" classname="Gmail"/>
  <testcase name="GmailTest" time="52.403" classname="Gmail"/>
</testsuite> <!-- Gmail -->
