<?xml version="1.0" encoding="UTF-8"?>
<!-- Generated by org.testng.reporters.JUnitReportReporter -->
<testsuite skipped="0" hostname="DESKTOP-I2FKUVF" name="Gmail" tests="2" failures="0" timestamp="20 Oct 2018 04:09:14 GMT" time="209.941" errors="0">
  <testcase name="GmailTest" time="108.472" classname="Gmail"/>
  <testcase name="GmailTest" time="101.469" classname="Gmail"/>
</testsuite> <!-- Gmail -->
