<?xml version="1.0" encoding="UTF-8"?>
<!-- Generated by org.testng.reporters.JUnitReportReporter -->
<testsuite skipped="0" hostname="DESKTOP-I2FKUVF" name="ParallelTesting" tests="2" failures="0" timestamp="20 Oct 2018 04:05:32 GMT" time="4.158" errors="0">
  <testcase name="doLogin" time="2.079" classname="ParallelTesting"/>
  <testcase name="doLogin" time="2.079" classname="ParallelTesting"/>
</testsuite> <!-- ParallelTesting -->
